[error] WorkThread: Exception in work thread:
[error] WorkThread: jason.asSyntax.parser.TokenMgrError: Lexical error at line 57, column 33.  Encountered: "\n" (10), after : "\"Closing the "
[error] WorkThread:  at jason.asSyntax.parser.as2jTokenManager.getNextToken(as2jTokenManager.java:915)
[error] WorkThread:  at jason.asSyntax.parser.as2j.jj_ntk(as2j.java:2233)
[error] WorkThread:  at jason.asSyntax.parser.as2j.term(as2j.java:920)
[error] WorkThread:  at jason.asSyntax.parser.as2j.terms(as2j.java:897)
[error] WorkThread:  at jason.asSyntax.parser.as2j.pred(as2j.java:860)
[error] WorkThread:  at jason.asSyntax.parser.as2j.literal(as2j.java:806)
[error] WorkThread:  at jason.asSyntax.parser.as2j.function(as2j.java:1403)
[error] WorkThread:  at jason.asSyntax.parser.as2j.arithm_expr_simple(as2j.java:1390)
[error] WorkThread:  at jason.asSyntax.parser.as2j.arithm_expr_factor(as2j.java:1333)
[error] WorkThread:  at jason.asSyntax.parser.as2j.arithm_expr_trm(as2j.java:1285)
[error] WorkThread:  at jason.asSyntax.parser.as2j.arithm_expr(as2j.java:1247)
[error] WorkThread:  at jason.asSyntax.parser.as2j.rel_expr(as2j.java:1145)
[error] WorkThread:  at jason.asSyntax.parser.as2j.log_expr_factor(as2j.java:1111)
[error] WorkThread:  at jason.asSyntax.parser.as2j.log_expr_trm(as2j.java:1076)
[error] WorkThread:  at jason.asSyntax.parser.as2j.log_expr(as2j.java:1059)
[error] WorkThread:  at jason.asSyntax.parser.as2j.body_formula(as2j.java:655)
[error] WorkThread:  at jason.asSyntax.parser.as2j.plan_body(as2j.java:475)
[error] WorkThread:  at jason.asSyntax.parser.as2j.plan(as2j.java:356)
[error] WorkThread:  at jason.asSyntax.parser.as2j.agent(as2j.java:184)
[error] WorkThread:  at jason.jeditplugin.AgentSpeakSideKickParser.parse(AgentSpeakSideKickParser.java:43)
[error] WorkThread:  at sidekick.SideKick$ParseRequest.run(SideKick.java:406)
[error] WorkThread:  at org.gjt.sp.util.WorkThread.doRequest(WorkThread.java:194)
[error] WorkThread:  at org.gjt.sp.util.WorkThread.doRequests(WorkThread.java:161)
[error] WorkThread:  at org.gjt.sp.util.WorkThread.run(WorkThread.java:135)
[error] WorkThread: Exception in work thread:
[error] WorkThread: jason.asSyntax.parser.TokenMgrError: Lexical error at line 57, column 70.  Encountered: "\n" (10), after : "\"Closing the auction .. no more bids are accepted!"
[error] WorkThread:  at jason.asSyntax.parser.as2jTokenManager.getNextToken(as2jTokenManager.java:915)
[error] WorkThread:  at jason.asSyntax.parser.as2j.jj_ntk(as2j.java:2233)
[error] WorkThread:  at jason.asSyntax.parser.as2j.term(as2j.java:920)
[error] WorkThread:  at jason.asSyntax.parser.as2j.terms(as2j.java:897)
[error] WorkThread:  at jason.asSyntax.parser.as2j.pred(as2j.java:860)
[error] WorkThread:  at jason.asSyntax.parser.as2j.literal(as2j.java:806)
[error] WorkThread:  at jason.asSyntax.parser.as2j.function(as2j.java:1403)
[error] WorkThread:  at jason.asSyntax.parser.as2j.arithm_expr_simple(as2j.java:1390)
[error] WorkThread:  at jason.asSyntax.parser.as2j.arithm_expr_factor(as2j.java:1333)
[error] WorkThread:  at jason.asSyntax.parser.as2j.arithm_expr_trm(as2j.java:1285)
[error] WorkThread:  at jason.asSyntax.parser.as2j.arithm_expr(as2j.java:1247)
[error] WorkThread:  at jason.asSyntax.parser.as2j.rel_expr(as2j.java:1145)
[error] WorkThread:  at jason.asSyntax.parser.as2j.log_expr_factor(as2j.java:1111)
[error] WorkThread:  at jason.asSyntax.parser.as2j.log_expr_trm(as2j.java:1076)
[error] WorkThread:  at jason.asSyntax.parser.as2j.log_expr(as2j.java:1059)
[error] WorkThread:  at jason.asSyntax.parser.as2j.body_formula(as2j.java:655)
[error] WorkThread:  at jason.asSyntax.parser.as2j.plan_body(as2j.java:475)
[error] WorkThread:  at jason.asSyntax.parser.as2j.plan(as2j.java:356)
[error] WorkThread:  at jason.asSyntax.parser.as2j.agent(as2j.java:184)
[error] WorkThread:  at jason.jeditplugin.AgentSpeakSideKickParser.parse(AgentSpeakSideKickParser.java:43)
[error] WorkThread:  at sidekick.SideKick$ParseRequest.run(SideKick.java:406)
[error] WorkThread:  at org.gjt.sp.util.WorkThread.doRequest(WorkThread.java:194)
[error] WorkThread:  at org.gjt.sp.util.WorkThread.doRequests(WorkThread.java:161)
[error] WorkThread:  at org.gjt.sp.util.WorkThread.run(WorkThread.java:135)
[error] SideKick: Null editPane!
